[1;34m==> [0mDetected MacOS [System:(16D32) Kernel:Darwin 16.4.0][0m
[H[2J[9;31H[1m[0;36m         [1;33m[10;24H[1m[0;36mWelcome to Splunk n' Box v3.9.9.1[11;29H[1m[0;36mSplunk SE essential tool[12;41H[1m[0;36m[13;22H[1m[0;36mPlease set your terminal to full mode[14;21H[1m[0;36mhttps://github.com/mhassan2/splunk-n-box[15;12H[1m[0;36mBy continuing you accept Splunk software license agreement[16;41H[1m[0;36m[17;41H[1m[0;36m[25;2H[0;34mThis script is licensed under GPL v3. All rights reserved Splunk Inc 2005-2017[H[2J(B[m8[H[2J[1;1;5;46mSplunk n' Box v3.9.9.1: Running startup validation checks...[0m

[1;34m==> [0mDetected MacOS [System:(16D32) Kernel:Darwin 16.4.0][0m
[1;34m==>[0m Checking if GNU grep is installed [/usr/local/bin/ggrep]...[0;32m OK![0m
[1;34m==>[0m Checking if we have instances of this script running...[0m[0;32m OK![0m
[1;34m==>[0m Checking if docker daemon is running & version [ver:17.03.0-ce]..[0;32m #OK!
[1;34m==>[0m Checking if we have enough free OS memory [Free:0.3gb Total:18.7gb  1%]...[0;33mWARNING, may not be a problem![0m
    [0;31m>>[0m Recommended 6.0GB+ of free memory for large builds
    [0;31m>>[0m Modern OSs do not always report unused memory as free

[1;34m==>[0m Checking Docker configs for CPUs allocation [Docker:8  OS:8]... [0;32mOK![0m
[1;34m==>[0m Checking Docker configs for MEMORY allocation [Docker:15gb OS:18.7gb  80%]... [0;32mOK![0m
[1;34m==>[0m Checking if Splunk image is available [splunknbox/splunk_6.5.2]...[0;32m OK![0m
[1;34m==>[0m Checking if docker network is created [splunk-net]...[0;32m OK![0m
[1;34m==>[0m Checking if we have license files *.lic in [/Users/mhassan/NFR]...[0;32m OK![0m
[1;34m==>[0m Checking if non-docker splunkd process is running [/opt/splunk/bin/splunk]...[0;32m OK![0m
[1;34m==>[0m Checking for dns server configuration ...[192.168.1.1][0;32m OK![0m
[1;34m==>[0m Checking if last IP alias is configured on any NIC [10.0.0.254]...[0;32m OK!
[0m
[1;32mHit <ENTER> to continue...[0m[H[2J[H[2J[1;1;5;46mSplunk n' Box v3.9.9.1: [1;33mMAIN MENU     [1;30m[Containers:7  Running:3  Paused:0  Stopped:4 Images:22 ][0m
=>[1;37mDOCKER:[0m[ver:17.03.0-ce cpu:8 mem:15GB] [1;37mOS:[0m[FreeMem:0.3GB Load:[0m1.96[0m] [1;37mImage:[0m[splunknbox/splunk_6.5.2] [1;37mLogLevel:[0m[3][0m
[6;26H[7m[1;33;44m M A I N - M E N U [0m
(B[m[8;16H[1;36m1[0m) [1;36mManage All Images & Containers [0m
[9;16H[1;36m2[0m) [1;36mManage Splunk Clusters[0m
[10;16H[1;36m3[0m) [1;36mManage Splunk Demos [1;30m[**internal use only**][0m
[11;16H[1;36m4[0m) [1;36mManage 3Rd Party Containers & Images [1;30m[**under construction**][0m
[12;16H[1;36m5[0m) [1;36mManage System [0m
[13;16H[1;36m6[0m) [1;36mChange Log Level [0m
[14;16H[1;36m?[0m) [1;36mHelp [0m
[15;16H[1;36mQ[0m) [1;36mQuit [0m
[1m[17;16H(B[m
[1m[17;16HEnter your choice [1-6] [H[2J[H[2J[1;1;5;46mSplunk n' Box v3.9.9.1: [1;33mSPLUNK MENU                       [1;30m[Containers:7  Running:3  Paused:0  Stopped:4 Images:22 ][0m
=>[1;37mDOCKER:[0m[ver:17.03.0-ce cpu:8 mem:15GB] [1;37mOS:[0m[FreeMem:0.3GB Load:[0m1.96[0m] [1;37mImage:[0m[splunknbox/splunk_6.5.2] [1;37mLogLevel:[0m[3][0m


[1;1;5;41mManage Images:[0m
[0;31mS[0m) [0;31mS[0mHOW all images details [1;30m[docker rmi --force $(docker images)][0m
[0;31mR[0m) [0;31mR[0mEMOVE image(s) to recover disk-space (will extend build times) [1;30m[docker rmi --force $(docker images)][0m
[0;31mF[0m) DE[0;31mF[0mAULT Splunk images [1;30m[currently: splunknbox/splunk_6.5.2][0m

[1;1;5;43mManage Containers:[0m
[1;33mC[0m) [1;33mC[0mREATE generic Splunk container(s) [1;30m[docker run ...][0m
[1;33mL[0m) [1;33mL[0mIST all containers [1;30m[custom view][0m 
[1;33mP[0m) STO[1;33mP[0m container(s) [1;30m[docker stop $(docker ps -aq)][0m
[1;33mT[0m) S[1;33mT[0mART container(s) [1;30m[docker start $(docker ps -a --format "{{.Names}}")][0m
[1;33mD[0m) [1;33mD[0mELETE container(s) & Volumes(s)[1;30m [docker rm -vf $(docker ps -aq)][0m
[1;33mH[0m) [1;33mH[0mOSTS grouped by role [1;30m[works only if you followed the host naming rules][0m

[1;1;5;44mManage Splunk:[0m
[1;34mE[0m) R[1;34mE[0mSET all splunk passwords [changeme --> hello] [1;30m[splunkd must be running][0m
[1;34mN[0m) LICE[1;34mN[0mSES reset [1;30m[copy license file to all instances][0m
[1;34mU[0m) SPL[1;34mU[0mNK instance(s) restart

[1;1;5;42mManage system:[0m
[0;32mB[0m) [0;32mB[0mACK to MAIN menu
[0;32m?[0m) [0;32mH[0mELP!

Enter choice (? for help) : [H[2J[1;1;5;43mLIST  CONTAINERS MENU [0m
=>[1;37mDOCKER:[0m[ver:17.03.0-ce cpu:8 mem:15GB] [1;37mOS:[0m[FreeMem:0.3GB Load:[0m1.96[0m] [1;37mImage:[0m[splunknbox/splunk_6.5.2] [1;37mLogLevel:[0m[3][0m

Current list of all  containers on this system:
 [1;1;5;41m  Host(container)      State   Splunkd   Ver    Bind IP          Image used               URL                 [0m
   ---------------    --------- ------- ------- ----------    ------------------   [0m
[1;36m1 ) DEMO-ITOPS01         [0;31mExited[0m  [0;31mDown[0m    N/A    10.0.0.103        sales-engineering/demo-itops                                [0m[0m
[1;36m2 ) DEMO-ITSI01          [0;31mExited[0m  [0;31mDown[0m    N/A    10.0.0.101        sales-engineering/demo-itsi                                [0m[0m
[1;36m3 ) DEMO-ZEUS01          [0;31mExited[0m  [0;31mDown[0m    N/A    10.0.0.104        sales-engineering/demo-zeus                                [0m[0m
[1;34m4 ) HOST01               [0;31mExited[0m  [0;31mDown[0m    N/A    10.0.0.102        splunk_6.5.2                                        [0m[0m
[1;34m5 ) HOST02               [0;32mUp[0m      [0;32mRunning[0m 6.5.2  10.0.0.105        splunk_6.5.2                                        [0m[0m
[1;34m6 ) HOST03               [0;32mUp[0m      [0;32mRunning[0m 6.5.2  10.0.0.106        splunk_6.5.2                                        [0m[0m
